2023-03-24 12:30:11,993 INFO: Read 117681 junctions from data/MTCL1/MTCL1_QTL_results.tsv
2023-03-24 12:30:12,167 INFO: Read 1 SNPs from data/MTCL1/MTCL1_GWAS_results.tsv
2023-03-24 12:30:12,168 INFO: Read 1 SNPs from data/MTCL1/MTCL1_moloc_results.tsv
2023-03-24 12:30:12,168 INFO: Vertex of splicegraph 18:8720496:8762078:clu_2297_+_d
2023-03-24 12:30:12,168 INFO: Vertex of splicegraph 18:8720496:8762078:clu_2297_+_a
2023-03-24 12:30:12,168 INFO: Vertex of splicegraph 18:8720496:8762078:clu_2297_+
2023-03-24 12:30:12,168 INFO: Vertex of splicegraph 18:8720496:8777833:clu_2297_+_d
2023-03-24 12:30:12,168 INFO: Vertex of splicegraph 18:8720496:8777833:clu_2297_+_a
2023-03-24 12:30:12,168 INFO: Vertex of splicegraph 18:8720496:8777833:clu_2297_+
2023-03-24 12:30:12,168 INFO: Vertex of splicegraph 18:8777892:8779033:clu_2298_+_d
2023-03-24 12:30:12,168 INFO: Vertex of splicegraph 18:8777892:8779033:clu_2298_+_a
2023-03-24 12:30:12,168 INFO: Vertex of splicegraph 18:8777892:8779033:clu_2298_+
2023-03-24 12:30:12,168 INFO: Vertex of splicegraph 18:8777892:8779036:clu_2298_+_d
2023-03-24 12:30:12,168 INFO: Vertex of splicegraph 18:8777892:8779036:clu_2298_+_a
2023-03-24 12:30:12,168 INFO: Vertex of splicegraph 18:8777892:8779036:clu_2298_+
2023-03-24 12:30:12,168 INFO: Vertex of splicegraph 18:8777892:8783530:clu_2298_+_d
2023-03-24 12:30:12,168 INFO: Vertex of splicegraph 18:8777892:8783530:clu_2298_+_a
2023-03-24 12:30:12,168 INFO: Vertex of splicegraph 18:8777892:8783530:clu_2298_+
2023-03-24 12:30:12,168 INFO: Vertex of splicegraph 18:8779110:8783530:clu_2298_+_d
2023-03-24 12:30:12,168 INFO: Vertex of splicegraph 18:8779110:8783530:clu_2298_+_a
2023-03-24 12:30:12,168 INFO: Vertex of splicegraph 18:8779110:8783530:clu_2298_+
2023-03-24 12:30:12,168 INFO: Vertex of splicegraph 18:8786091:8796232:clu_2299_+_d
2023-03-24 12:30:12,168 INFO: Vertex of splicegraph 18:8786091:8796232:clu_2299_+_a
2023-03-24 12:30:12,168 INFO: Vertex of splicegraph 18:8786091:8796232:clu_2299_+
2023-03-24 12:30:12,168 INFO: Vertex of splicegraph 18:8793120:8796232:clu_2299_+_d
2023-03-24 12:30:12,168 INFO: Vertex of splicegraph 18:8793120:8796232:clu_2299_+_a
2023-03-24 12:30:12,168 INFO: Vertex of splicegraph 18:8793120:8796232:clu_2299_+
2023-03-24 12:30:12,168 INFO: Vertex of splicegraph 18:8807060:8809448:clu_2300_+_d
2023-03-24 12:30:12,169 INFO: Vertex of splicegraph 18:8807060:8809448:clu_2300_+_a
2023-03-24 12:30:12,169 INFO: Vertex of splicegraph 18:8807060:8809448:clu_2300_+
2023-03-24 12:30:12,169 INFO: Vertex of splicegraph 18:8807060:8812979:clu_2300_+_d
2023-03-24 12:30:12,169 INFO: Vertex of splicegraph 18:8807060:8812979:clu_2300_+_a
2023-03-24 12:30:12,169 INFO: Vertex of splicegraph 18:8807060:8812979:clu_2300_+
2023-03-24 12:30:12,169 INFO: Vertex of splicegraph 18:8809561:8809971:clu_2300_+_d
2023-03-24 12:30:12,169 INFO: Vertex of splicegraph 18:8809561:8809971:clu_2300_+_a
2023-03-24 12:30:12,169 INFO: Vertex of splicegraph 18:8809561:8809971:clu_2300_+
2023-03-24 12:30:12,169 INFO: Vertex of splicegraph 18:8809561:8812979:clu_2300_+_d
2023-03-24 12:30:12,169 INFO: Vertex of splicegraph 18:8809561:8812979:clu_2300_+_a
2023-03-24 12:30:12,169 INFO: Vertex of splicegraph 18:8809561:8812979:clu_2300_+
2023-03-24 12:30:12,169 INFO: Vertex of splicegraph 18:8810198:8812979:clu_2300_+_d
2023-03-24 12:30:12,169 INFO: Vertex of splicegraph 18:8810198:8812979:clu_2300_+_a
2023-03-24 12:30:12,169 INFO: Vertex of splicegraph 18:8810198:8812979:clu_2300_+
2023-03-24 12:30:12,169 INFO: Vertex of splicegraph 18:8811256:8812979:clu_2300_+_d
2023-03-24 12:30:12,169 INFO: Vertex of splicegraph 18:8811256:8812979:clu_2300_+_a
2023-03-24 12:30:12,169 INFO: Vertex of splicegraph 18:8811256:8812979:clu_2300_+
2023-03-24 12:30:12,169 INFO: Vertex of splicegraph 18:8813233:8818963:clu_2301_+_d
2023-03-24 12:30:12,169 INFO: Vertex of splicegraph 18:8813233:8818963:clu_2301_+_a
2023-03-24 12:30:12,169 INFO: Vertex of splicegraph 18:8813233:8818963:clu_2301_+
2023-03-24 12:30:12,169 INFO: Vertex of splicegraph 18:8813233:8819047:clu_2301_+_d
2023-03-24 12:30:12,169 INFO: Vertex of splicegraph 18:8813233:8819047:clu_2301_+_a
2023-03-24 12:30:12,169 INFO: Vertex of splicegraph 18:8813233:8819047:clu_2301_+
2023-03-24 12:30:12,169 INFO: Vertex of splicegraph 18:8821498:8822476:clu_2302_+_d
2023-03-24 12:30:12,169 INFO: Vertex of splicegraph 18:8821498:8822476:clu_2302_+_a
2023-03-24 12:30:12,169 INFO: Vertex of splicegraph 18:8821498:8822476:clu_2302_+
2023-03-24 12:30:12,169 INFO: Vertex of splicegraph 18:8821498:8824699:clu_2302_+_d
2023-03-24 12:30:12,169 INFO: Vertex of splicegraph 18:8821498:8824699:clu_2302_+_a
2023-03-24 12:30:12,169 INFO: Vertex of splicegraph 18:8821498:8824699:clu_2302_+
2023-03-24 12:30:12,169 INFO: Vertex of splicegraph 18:8822627:8824699:clu_2302_+_d
2023-03-24 12:30:12,169 INFO: Vertex of splicegraph 18:8822627:8824699:clu_2302_+_a
2023-03-24 12:30:12,169 INFO: Vertex of splicegraph 18:8822627:8824699:clu_2302_+
2023-03-24 12:30:12,169 INFO: Vertex of splicegraph 18:8824358:8824699:clu_2302_+_d
2023-03-24 12:30:12,169 INFO: Vertex of splicegraph 18:8824358:8824699:clu_2302_+_a
2023-03-24 12:30:12,169 INFO: Vertex of splicegraph 18:8824358:8824699:clu_2302_+
2023-03-24 12:30:12,169 INFO: Edge of splicegraph 18:8720496:8762078:clu_2297_+_d -> 18:8720496:8762078:clu_2297_+ 
2023-03-24 12:30:12,169 INFO: Edge of splicegraph 18:8720496:8762078:clu_2297_+_a -> 18:8720496:8762078:clu_2297_+ 
2023-03-24 12:30:12,169 INFO: Edge of splicegraph 18:8720496:8762078:clu_2297_+ -> 18:8720496:8762078:clu_2297_+_d 
2023-03-24 12:30:12,170 INFO: Edge of splicegraph 18:8720496:8762078:clu_2297_+ -> 18:8720496:8762078:clu_2297_+_a 
2023-03-24 12:30:12,170 INFO: Edge of splicegraph 18:8720496:8762078:clu_2297_+ -> sqtl_data 
2023-03-24 12:30:12,170 INFO: Edge of splicegraph 18:8720496:8777833:clu_2297_+_d -> 18:8720496:8777833:clu_2297_+ 
2023-03-24 12:30:12,170 INFO: Edge of splicegraph 18:8720496:8777833:clu_2297_+_a -> 18:8720496:8777833:clu_2297_+ 
2023-03-24 12:30:12,170 INFO: Edge of splicegraph 18:8720496:8777833:clu_2297_+ -> 18:8720496:8777833:clu_2297_+_d 
2023-03-24 12:30:12,170 INFO: Edge of splicegraph 18:8720496:8777833:clu_2297_+ -> 18:8720496:8777833:clu_2297_+_a 
2023-03-24 12:30:12,170 INFO: Edge of splicegraph 18:8720496:8777833:clu_2297_+ -> sqtl_data 
2023-03-24 12:30:12,170 INFO: Edge of splicegraph 18:8777892:8779033:clu_2298_+_d -> 18:8777892:8779033:clu_2298_+ 
2023-03-24 12:30:12,170 INFO: Edge of splicegraph 18:8777892:8779033:clu_2298_+_a -> 18:8777892:8779033:clu_2298_+ 
2023-03-24 12:30:12,170 INFO: Edge of splicegraph 18:8777892:8779033:clu_2298_+ -> 18:8777892:8779033:clu_2298_+_d 
2023-03-24 12:30:12,170 INFO: Edge of splicegraph 18:8777892:8779033:clu_2298_+ -> 18:8777892:8779033:clu_2298_+_a 
2023-03-24 12:30:12,170 INFO: Edge of splicegraph 18:8777892:8779033:clu_2298_+ -> sqtl_data 
2023-03-24 12:30:12,170 INFO: Edge of splicegraph 18:8777892:8779036:clu_2298_+_d -> 18:8777892:8779036:clu_2298_+ 
2023-03-24 12:30:12,170 INFO: Edge of splicegraph 18:8777892:8779036:clu_2298_+_a -> 18:8777892:8779036:clu_2298_+ 
2023-03-24 12:30:12,170 INFO: Edge of splicegraph 18:8777892:8779036:clu_2298_+ -> 18:8777892:8779036:clu_2298_+_d 
2023-03-24 12:30:12,170 INFO: Edge of splicegraph 18:8777892:8779036:clu_2298_+ -> 18:8777892:8779036:clu_2298_+_a 
2023-03-24 12:30:12,170 INFO: Edge of splicegraph 18:8777892:8779036:clu_2298_+ -> sqtl_data 
2023-03-24 12:30:12,170 INFO: Edge of splicegraph 18:8777892:8783530:clu_2298_+_d -> 18:8777892:8783530:clu_2298_+ 
2023-03-24 12:30:12,170 INFO: Edge of splicegraph 18:8777892:8783530:clu_2298_+_a -> 18:8777892:8783530:clu_2298_+ 
2023-03-24 12:30:12,170 INFO: Edge of splicegraph 18:8777892:8783530:clu_2298_+ -> 18:8777892:8783530:clu_2298_+_d 
2023-03-24 12:30:12,170 INFO: Edge of splicegraph 18:8777892:8783530:clu_2298_+ -> 18:8777892:8783530:clu_2298_+_a 
2023-03-24 12:30:12,170 INFO: Edge of splicegraph 18:8777892:8783530:clu_2298_+ -> sqtl_data 
2023-03-24 12:30:12,170 INFO: Edge of splicegraph 18:8779110:8783530:clu_2298_+_d -> 18:8779110:8783530:clu_2298_+ 
2023-03-24 12:30:12,170 INFO: Edge of splicegraph 18:8779110:8783530:clu_2298_+_a -> 18:8779110:8783530:clu_2298_+ 
2023-03-24 12:30:12,170 INFO: Edge of splicegraph 18:8779110:8783530:clu_2298_+ -> 18:8779110:8783530:clu_2298_+_d 
2023-03-24 12:30:12,170 INFO: Edge of splicegraph 18:8779110:8783530:clu_2298_+ -> 18:8779110:8783530:clu_2298_+_a 
2023-03-24 12:30:12,170 INFO: Edge of splicegraph 18:8779110:8783530:clu_2298_+ -> sqtl_data 
2023-03-24 12:30:12,170 INFO: Edge of splicegraph 18:8786091:8796232:clu_2299_+_d -> 18:8786091:8796232:clu_2299_+ 
2023-03-24 12:30:12,170 INFO: Edge of splicegraph 18:8786091:8796232:clu_2299_+_a -> 18:8786091:8796232:clu_2299_+ 
2023-03-24 12:30:12,170 INFO: Edge of splicegraph 18:8786091:8796232:clu_2299_+ -> 18:8786091:8796232:clu_2299_+_d 
2023-03-24 12:30:12,170 INFO: Edge of splicegraph 18:8786091:8796232:clu_2299_+ -> 18:8786091:8796232:clu_2299_+_a 
2023-03-24 12:30:12,170 INFO: Edge of splicegraph 18:8786091:8796232:clu_2299_+ -> sqtl_data 
2023-03-24 12:30:12,170 INFO: Edge of splicegraph 18:8793120:8796232:clu_2299_+_d -> 18:8793120:8796232:clu_2299_+ 
2023-03-24 12:30:12,170 INFO: Edge of splicegraph 18:8793120:8796232:clu_2299_+_a -> 18:8793120:8796232:clu_2299_+ 
2023-03-24 12:30:12,170 INFO: Edge of splicegraph 18:8793120:8796232:clu_2299_+ -> 18:8793120:8796232:clu_2299_+_d 
2023-03-24 12:30:12,170 INFO: Edge of splicegraph 18:8793120:8796232:clu_2299_+ -> 18:8793120:8796232:clu_2299_+_a 
2023-03-24 12:30:12,170 INFO: Edge of splicegraph 18:8793120:8796232:clu_2299_+ -> sqtl_data 
2023-03-24 12:30:12,170 INFO: Edge of splicegraph 18:8807060:8809448:clu_2300_+_d -> 18:8807060:8809448:clu_2300_+ 
2023-03-24 12:30:12,170 INFO: Edge of splicegraph 18:8807060:8809448:clu_2300_+_a -> 18:8807060:8809448:clu_2300_+ 
2023-03-24 12:30:12,171 INFO: Edge of splicegraph 18:8807060:8809448:clu_2300_+ -> 18:8807060:8809448:clu_2300_+_d 
2023-03-24 12:30:12,171 INFO: Edge of splicegraph 18:8807060:8809448:clu_2300_+ -> 18:8807060:8809448:clu_2300_+_a 
2023-03-24 12:30:12,171 INFO: Edge of splicegraph 18:8807060:8809448:clu_2300_+ -> sqtl_data 
2023-03-24 12:30:12,171 INFO: Edge of splicegraph 18:8807060:8812979:clu_2300_+_d -> 18:8807060:8812979:clu_2300_+ 
2023-03-24 12:30:12,171 INFO: Edge of splicegraph 18:8807060:8812979:clu_2300_+_a -> 18:8807060:8812979:clu_2300_+ 
2023-03-24 12:30:12,171 INFO: Edge of splicegraph 18:8807060:8812979:clu_2300_+ -> 18:8807060:8812979:clu_2300_+_d 
2023-03-24 12:30:12,171 INFO: Edge of splicegraph 18:8807060:8812979:clu_2300_+ -> 18:8807060:8812979:clu_2300_+_a 
2023-03-24 12:30:12,171 INFO: Edge of splicegraph 18:8807060:8812979:clu_2300_+ -> sqtl_data 
2023-03-24 12:30:12,171 INFO: Edge of splicegraph 18:8809561:8809971:clu_2300_+_d -> 18:8809561:8809971:clu_2300_+ 
2023-03-24 12:30:12,171 INFO: Edge of splicegraph 18:8809561:8809971:clu_2300_+_a -> 18:8809561:8809971:clu_2300_+ 
2023-03-24 12:30:12,171 INFO: Edge of splicegraph 18:8809561:8809971:clu_2300_+ -> 18:8809561:8809971:clu_2300_+_d 
2023-03-24 12:30:12,171 INFO: Edge of splicegraph 18:8809561:8809971:clu_2300_+ -> 18:8809561:8809971:clu_2300_+_a 
2023-03-24 12:30:12,171 INFO: Edge of splicegraph 18:8809561:8809971:clu_2300_+ -> sqtl_data 
2023-03-24 12:30:12,171 INFO: Edge of splicegraph 18:8809561:8812979:clu_2300_+_d -> 18:8809561:8812979:clu_2300_+ 
2023-03-24 12:30:12,171 INFO: Edge of splicegraph 18:8809561:8812979:clu_2300_+_a -> 18:8809561:8812979:clu_2300_+ 
2023-03-24 12:30:12,171 INFO: Edge of splicegraph 18:8809561:8812979:clu_2300_+ -> 18:8809561:8812979:clu_2300_+_d 
2023-03-24 12:30:12,171 INFO: Edge of splicegraph 18:8809561:8812979:clu_2300_+ -> 18:8809561:8812979:clu_2300_+_a 
2023-03-24 12:30:12,171 INFO: Edge of splicegraph 18:8809561:8812979:clu_2300_+ -> sqtl_data 
2023-03-24 12:30:12,171 INFO: Edge of splicegraph 18:8810198:8812979:clu_2300_+_d -> 18:8810198:8812979:clu_2300_+ 
2023-03-24 12:30:12,171 INFO: Edge of splicegraph 18:8810198:8812979:clu_2300_+_a -> 18:8810198:8812979:clu_2300_+ 
2023-03-24 12:30:12,171 INFO: Edge of splicegraph 18:8810198:8812979:clu_2300_+ -> 18:8810198:8812979:clu_2300_+_d 
2023-03-24 12:30:12,171 INFO: Edge of splicegraph 18:8810198:8812979:clu_2300_+ -> 18:8810198:8812979:clu_2300_+_a 
2023-03-24 12:30:12,171 INFO: Edge of splicegraph 18:8810198:8812979:clu_2300_+ -> sqtl_data 
2023-03-24 12:30:12,171 INFO: Edge of splicegraph 18:8811256:8812979:clu_2300_+_d -> 18:8811256:8812979:clu_2300_+ 
2023-03-24 12:30:12,171 INFO: Edge of splicegraph 18:8811256:8812979:clu_2300_+_a -> 18:8811256:8812979:clu_2300_+ 
2023-03-24 12:30:12,171 INFO: Edge of splicegraph 18:8811256:8812979:clu_2300_+ -> 18:8811256:8812979:clu_2300_+_d 
2023-03-24 12:30:12,171 INFO: Edge of splicegraph 18:8811256:8812979:clu_2300_+ -> 18:8811256:8812979:clu_2300_+_a 
2023-03-24 12:30:12,171 INFO: Edge of splicegraph 18:8811256:8812979:clu_2300_+ -> sqtl_data 
2023-03-24 12:30:12,171 INFO: Edge of splicegraph 18:8813233:8818963:clu_2301_+_d -> 18:8813233:8818963:clu_2301_+ 
2023-03-24 12:30:12,171 INFO: Edge of splicegraph 18:8813233:8818963:clu_2301_+_a -> 18:8813233:8818963:clu_2301_+ 
2023-03-24 12:30:12,171 INFO: Edge of splicegraph 18:8813233:8818963:clu_2301_+ -> 18:8813233:8818963:clu_2301_+_d 
2023-03-24 12:30:12,171 INFO: Edge of splicegraph 18:8813233:8818963:clu_2301_+ -> 18:8813233:8818963:clu_2301_+_a 
2023-03-24 12:30:12,171 INFO: Edge of splicegraph 18:8813233:8818963:clu_2301_+ -> sqtl_data 
2023-03-24 12:30:12,171 INFO: Edge of splicegraph 18:8813233:8819047:clu_2301_+_d -> 18:8813233:8819047:clu_2301_+ 
2023-03-24 12:30:12,171 INFO: Edge of splicegraph 18:8813233:8819047:clu_2301_+_a -> 18:8813233:8819047:clu_2301_+ 
2023-03-24 12:30:12,171 INFO: Edge of splicegraph 18:8813233:8819047:clu_2301_+ -> 18:8813233:8819047:clu_2301_+_d 
2023-03-24 12:30:12,171 INFO: Edge of splicegraph 18:8813233:8819047:clu_2301_+ -> 18:8813233:8819047:clu_2301_+_a 
2023-03-24 12:30:12,172 INFO: Edge of splicegraph 18:8813233:8819047:clu_2301_+ -> sqtl_data 
2023-03-24 12:30:12,172 INFO: Edge of splicegraph 18:8821498:8822476:clu_2302_+_d -> 18:8821498:8822476:clu_2302_+ 
2023-03-24 12:30:12,172 INFO: Edge of splicegraph 18:8821498:8822476:clu_2302_+_a -> 18:8821498:8822476:clu_2302_+ 
2023-03-24 12:30:12,172 INFO: Edge of splicegraph 18:8821498:8822476:clu_2302_+ -> 18:8821498:8822476:clu_2302_+_d 
2023-03-24 12:30:12,172 INFO: Edge of splicegraph 18:8821498:8822476:clu_2302_+ -> 18:8821498:8822476:clu_2302_+_a 
2023-03-24 12:30:12,172 INFO: Edge of splicegraph 18:8821498:8822476:clu_2302_+ -> sqtl_data 
2023-03-24 12:30:12,172 INFO: Edge of splicegraph 18:8821498:8824699:clu_2302_+_d -> 18:8821498:8824699:clu_2302_+ 
2023-03-24 12:30:12,172 INFO: Edge of splicegraph 18:8821498:8824699:clu_2302_+_a -> 18:8821498:8824699:clu_2302_+ 
2023-03-24 12:30:12,172 INFO: Edge of splicegraph 18:8821498:8824699:clu_2302_+ -> 18:8821498:8824699:clu_2302_+_d 
2023-03-24 12:30:12,172 INFO: Edge of splicegraph 18:8821498:8824699:clu_2302_+ -> 18:8821498:8824699:clu_2302_+_a 
2023-03-24 12:30:12,172 INFO: Edge of splicegraph 18:8821498:8824699:clu_2302_+ -> sqtl_data 
2023-03-24 12:30:12,172 INFO: Edge of splicegraph 18:8822627:8824699:clu_2302_+_d -> 18:8822627:8824699:clu_2302_+ 
2023-03-24 12:30:12,172 INFO: Edge of splicegraph 18:8822627:8824699:clu_2302_+_a -> 18:8822627:8824699:clu_2302_+ 
2023-03-24 12:30:12,172 INFO: Edge of splicegraph 18:8822627:8824699:clu_2302_+ -> 18:8822627:8824699:clu_2302_+_d 
2023-03-24 12:30:12,172 INFO: Edge of splicegraph 18:8822627:8824699:clu_2302_+ -> 18:8822627:8824699:clu_2302_+_a 
2023-03-24 12:30:12,172 INFO: Edge of splicegraph 18:8822627:8824699:clu_2302_+ -> sqtl_data 
2023-03-24 12:30:12,172 INFO: Edge of splicegraph 18:8824358:8824699:clu_2302_+_d -> 18:8824358:8824699:clu_2302_+ 
2023-03-24 12:30:12,172 INFO: Edge of splicegraph 18:8824358:8824699:clu_2302_+_a -> 18:8824358:8824699:clu_2302_+ 
2023-03-24 12:30:12,172 INFO: Edge of splicegraph 18:8824358:8824699:clu_2302_+ -> 18:8824358:8824699:clu_2302_+_d 
2023-03-24 12:30:12,172 INFO: Edge of splicegraph 18:8824358:8824699:clu_2302_+ -> 18:8824358:8824699:clu_2302_+_a 
2023-03-24 12:30:12,172 INFO: Edge of splicegraph 18:8824358:8824699:clu_2302_+ -> sqtl_data 
2023-03-24 12:30:12,172 INFO: Phenotype cluster provided for sQTL filteration : clu_2300
2023-03-24 12:30:12,172 INFO: Filtered phenotype : 18:8807060:8809448:clu_2300_+
2023-03-24 12:30:12,172 INFO: Filtered phenotype : 18:8807060:8812979:clu_2300_+
2023-03-24 12:30:12,172 INFO: Filtered phenotype : 18:8809561:8809971:clu_2300_+
2023-03-24 12:30:12,172 INFO: Filtered phenotype : 18:8809561:8812979:clu_2300_+
2023-03-24 12:30:12,172 INFO: Filtered phenotype : 18:8810198:8812979:clu_2300_+
2023-03-24 12:30:12,172 INFO: Filtered phenotype : 18:8811256:8812979:clu_2300_+
2023-03-24 12:30:12,172 INFO: Marker and p-val provided for sQTL filteration : chr18:8809447:G:C, 0.05
2023-03-24 12:30:12,175 INFO: Filtered LeafCutter sQTL data : {'phenotype_id': '18:8807060:8809448:clu_2300_+', 'variant_id': 'chr18:8809447:G:C', 'tss_distance': '2386', 'maf': '0.3791209', 'ma_samples': '109', 'ma_count': '138', 'pval_nominal': '5.56894786744971e-10', 'slope': '-0.68784636', 'slope_se': '0.104087315'}
2023-03-24 12:30:12,175 INFO: Filtered LeafCutter sQTL data : {'phenotype_id': '18:8807060:8812979:clu_2300_+', 'variant_id': 'chr18:8809447:G:C', 'tss_distance': '2386', 'maf': '0.3791209', 'ma_samples': '109', 'ma_count': '138', 'pval_nominal': '1.73861854201358e-22', 'slope': '1.0308169', 'slope_se': '0.09011987'}
2023-03-24 12:30:12,175 INFO: Filtered LeafCutter sQTL data : {'phenotype_id': '18:8809561:8812979:clu_2300_+', 'variant_id': 'chr18:8809447:G:C', 'tss_distance': '-115', 'maf': '0.3791209', 'ma_samples': '109', 'ma_count': '138', 'pval_nominal': '8.66177003307901e-08', 'slope': '-0.60817266', 'slope_se': '0.10835633'}
2023-03-24 12:30:12,175 INFO: Filtered LeafCutter sQTL data : {'phenotype_id': '18:8810198:8812979:clu_2300_+', 'variant_id': 'chr18:8809447:G:C', 'tss_distance': '-752', 'maf': '0.3791209', 'ma_samples': '109', 'ma_count': '138', 'pval_nominal': '0.000380462843868196', 'slope': '-0.31558675', 'slope_se': '0.08691713'}
